#
# There is insufficient memory for the Java Runtime Environment to continue.
# Native memory allocation (malloc) failed to allocate 1048576 bytes. Error detail: AllocateHeap
# Possible reasons:
#   The system is out of physical RAM or swap space
#   This process is running with CompressedOops enabled, and the Java Heap may be blocking the growth of the native heap
# Possible solutions:
#   Reduce memory load on the system
#   Increase physical memory or swap space
#   Check if swap backing store is full
#   Decrease Java heap size (-Xmx/-Xms)
#   Decrease number of Java threads
#   Decrease Java thread stack sizes (-Xss)
#   Set larger code cache with -XX:ReservedCodeCacheSize=
#   JVM is running with Unscaled Compressed Oops mode in which the Java heap is
#     placed in the first 4GB address space. The Java Heap base address is the
#     maximum limit for the native heap growth. Please use -XX:HeapBaseMinAddress
#     to set the Java Heap base and to place the Java Heap above 4GB virtual address.
# This output file may be truncated or incomplete.
#
#  Out of Memory Error (allocation.cpp:44), pid=27952, tid=18928
#
# JRE version: OpenJDK Runtime Environment Temurin-17.0.11+9 (17.0.11+9) (build 17.0.11+9)
# Java VM: OpenJDK 64-Bit Server VM Temurin-17.0.11+9 (17.0.11+9, mixed mode, emulated-client, tiered, compressed oops, compressed class ptrs, g1 gc, windows-amd64)
# No core dump will be written. Minidumps are not enabled by default on client versions of Windows
#

---------------  S U M M A R Y ------------

Command Line: -Xmx1024m -Dsts.lsp.client=vscode -Dsts.log.file=/dev/null -XX:TieredStopAtLevel=1 -Xlog:jni+resolve=off -Dspring.config.location=file:c:\Users\hmg19\.vscode\extensions\vmware.vscode-spring-boot-1.55.1\language-server\BOOT-INF\classes\application.properties org.springframework.ide.vscode.boot.app.BootLanguageServerBootApp

Host: 11th Gen Intel(R) Core(TM) i7-1165G7 @ 2.80GHz, 8 cores, 15G,  Windows 11 , 64 bit Build 22621 (10.0.22621.3672)
Time: Mon Jul 22 00:50:56 2024  Windows 11 , 64 bit Build 22621 (10.0.22621.3672) elapsed time: 643528.992927 seconds (7d 10h 45m 28s)

---------------  T H R E A D  ---------------

Current thread (0x00000297a1a9bc20):  VMThread "VM Thread" [stack: 0x000000e854d00000,0x000000e854e00000] [id=18928]

Stack: [0x000000e854d00000,0x000000e854e00000]
Native frames: (J=compiled Java code, j=interpreted, Vv=VM code, C=native code)
V  [jvm.dll+0x67d429]
V  [jvm.dll+0x834b7a]
V  [jvm.dll+0x83663e]
V  [jvm.dll+0x836ca3]
V  [jvm.dll+0x247dbf]
V  [jvm.dll+0xa6cb3]
V  [jvm.dll+0x2f8ad3]
V  [jvm.dll+0x2f4750]
V  [jvm.dll+0x2dcf67]
V  [jvm.dll+0x31fb67]
V  [jvm.dll+0x83b19b]
V  [jvm.dll+0x83bed2]
V  [jvm.dll+0x83c3ed]
V  [jvm.dll+0x83c7c4]
V  [jvm.dll+0x83c890]
V  [jvm.dll+0x7e410a]
V  [jvm.dll+0x67c315]
C  [ucrtbase.dll+0x29333]
C  [KERNEL32.DLL+0x1257d]
C  [ntdll.dll+0x5af28]

VM_Operation (0x000000e8565feb90): G1CollectFull, mode: safepoint, requested by thread 0x00000297a7393030


---------------  P R O C E S S  ---------------

Threads class SMR info:
_java_thread_list=0x00000297a7455500, length=19, elements={
0x00000297a1a78340, 0x00000297a1aae010, 0x00000297a1ae3430, 0x00000297a1a7aae0,
0x00000297a1a7d5c0, 0x00000297a1a7df80, 0x00000297a1a7e940, 0x00000297a1b009c0,
0x00000297a1d03bb0, 0x00000297a1d37020, 0x00000297a728d6c0, 0x00000297a7393030,
0x00000297a73fc5e0, 0x0000029796c06b10, 0x00000297a72d8590, 0x00000297a74d14f0,
0x00000297a74ceea0, 0x00000297a74cda60, 0x00000297a74ce990
}

Java Threads: ( => current thread )
  0x00000297a1a78340 JavaThread "Reference Handler" daemon [_thread_blocked, id=34292, stack(0x000000e854e00000,0x000000e854f00000)]
  0x00000297a1aae010 JavaThread "Finalizer" daemon [_thread_blocked, id=35780, stack(0x000000e854f00000,0x000000e855000000)]
  0x00000297a1ae3430 JavaThread "Signal Dispatcher" daemon [_thread_blocked, id=33324, stack(0x000000e855000000,0x000000e855100000)]
  0x00000297a1a7aae0 JavaThread "Attach Listener" daemon [_thread_blocked, id=23444, stack(0x000000e855100000,0x000000e855200000)]
  0x00000297a1a7d5c0 JavaThread "Service Thread" daemon [_thread_blocked, id=30460, stack(0x000000e855200000,0x000000e855300000)]
  0x00000297a1a7df80 JavaThread "Monitor Deflation Thread" daemon [_thread_blocked, id=16148, stack(0x000000e855300000,0x000000e855400000)]
  0x00000297a1a7e940 JavaThread "C1 CompilerThread0" daemon [_thread_blocked, id=34740, stack(0x000000e855400000,0x000000e855500000)]
  0x00000297a1b009c0 JavaThread "Sweeper thread" daemon [_thread_blocked, id=33192, stack(0x000000e855500000,0x000000e855600000)]
  0x00000297a1d03bb0 JavaThread "Notification Thread" daemon [_thread_blocked, id=28024, stack(0x000000e855800000,0x000000e855900000)]
  0x00000297a1d37020 JavaThread "Common-Cleaner" daemon [_thread_blocked, id=31560, stack(0x000000e855a00000,0x000000e855b00000)]
  0x00000297a728d6c0 JavaThread "boundedElastic-evictor-1" daemon [_thread_blocked, id=2888, stack(0x000000e856100000,0x000000e856200000)]
  0x00000297a7393030 JavaThread "pool-13-thread-1" [_thread_blocked, id=8484, stack(0x000000e856500000,0x000000e856600000)]
  0x00000297a73fc5e0 JavaThread "LanguageServerApp-lifecycle" [_thread_blocked, id=36288, stack(0x000000e856600000,0x000000e856700000)]
  0x0000029796c06b10 JavaThread "DestroyJavaVM" [_thread_blocked, id=11096, stack(0x000000e854700000,0x000000e854800000)]
  0x00000297a72d8590 JavaThread "pool-14-thread-1" [_thread_in_native, id=9636, stack(0x000000e854600000,0x000000e854700000)]
  0x00000297a74d14f0 JavaThread "Simple-Language-Server main thread" daemon [_thread_blocked, id=25384, stack(0x000000e856700000,0x000000e856800000)]
  0x00000297a74ceea0 JavaThread "parallel-1" daemon [_thread_blocked, id=31784, stack(0x000000e856b00000,0x000000e856c00000)]
  0x00000297a74cda60 JavaThread "pool-6-thread-1" [_thread_blocked, id=6116, stack(0x000000e856c00000,0x000000e856d00000)]
  0x00000297a74ce990 JavaThread "parallel-2" daemon [_thread_blocked, id=31964, stack(0x000000e856d00000,0x000000e856e00000)]

Other Threads:
=>0x00000297a1a9bc20 VMThread "VM Thread" [stack: 0x000000e854d00000,0x000000e854e00000] [id=18928]
  0x00000297a1d240a0 WatcherThread [stack: 0x000000e855900000,0x000000e855a00000] [id=22536]
  0x0000029796c46440 GCTaskThread "GC Thread#0" [stack: 0x000000e854800000,0x000000e854900000] [id=9904]
  0x00000297a692e050 GCTaskThread "GC Thread#1" [stack: 0x000000e855700000,0x000000e855800000] [id=18584]
  0x00000297a6921ed0 GCTaskThread "GC Thread#2" [stack: 0x000000e855b00000,0x000000e855c00000] [id=12788]
  0x00000297a6922190 GCTaskThread "GC Thread#3" [stack: 0x000000e855c00000,0x000000e855d00000] [id=28028]
  0x00000297a6922450 GCTaskThread "GC Thread#4" [stack: 0x000000e855d00000,0x000000e855e00000] [id=34564]
  0x00000297a6919fa0 GCTaskThread "GC Thread#5" [stack: 0x000000e855e00000,0x000000e855f00000] [id=29556]
  0x00000297a6e02e60 GCTaskThread "GC Thread#6" [stack: 0x000000e856200000,0x000000e856300000] [id=32644]
  0x00000297a6e03120 GCTaskThread "GC Thread#7" [stack: 0x000000e856300000,0x000000e856400000] [id=28828]
  0x0000029796c4f390 ConcurrentGCThread "G1 Main Marker" [stack: 0x000000e854900000,0x000000e854a00000] [id=35984]
  0x0000029796c4fdb0 ConcurrentGCThread "G1 Conc#0" [stack: 0x000000e854a00000,0x000000e854b00000] [id=12672]
  0x00000297a6decbd0 ConcurrentGCThread "G1 Conc#1" [stack: 0x000000e856400000,0x000000e856500000] [id=33156]
  0x0000029796caeb70 ConcurrentGCThread "G1 Refine#0" [stack: 0x000000e854b00000,0x000000e854c00000] [id=36752]
  0x00000297a19027c0 ConcurrentGCThread "G1 Service" [stack: 0x000000e854c00000,0x000000e854d00000] [id=15912]

Threads with active compile tasks:

VM state: at safepoint (normal execution)

VM Mutex/Monitor currently owned by a thread:  ([mutex/lock_event])
[0x00000297949e20a0] Threads_lock - owner thread: 0x00000297a1a9bc20
[0x00000297949dda60] Heap_lock - owner thread: 0x00000297a7393030

Heap address: 0x00000000c0000000, size: 1024 MB, Compressed Oops mode: 32-bit

CDS archive(s) not mapped
Compressed class space mapped at: 0x0000000100000000-0x0000000140000000, reserved size: 1073741824
Narrow klass base: 0x0000000000000000, Narrow klass shift: 3, Narrow klass range: 0x140000000

GC Precious Log:
 CPUs: 8 total, 8 available
 Memory: 16107M
 Large Page Support: Disabled
 NUMA Support: Disabled
 Compressed Oops: Enabled (32-bit)
 Heap Region Size: 1M
 Heap Min Capacity: 8M
 Heap Initial Capacity: 252M
 Heap Max Capacity: 1G
 Pre-touch: Disabled
 Parallel Workers: 8
 Concurrent Workers: 2
 Concurrent Refinement Workers: 8
 Periodic GC: Disabled

Heap:
 garbage-first heap   total 78848K, used 30067K [0x00000000c0000000, 0x0000000100000000)
  region size 1024K, 1 young (1024K), 0 survivors (0K)
 Metaspace       used 59724K, committed 60224K, reserved 1114112K
  class space    used 7400K, committed 7616K, reserved 1048576K

Heap Regions: E=young(eden), S=young(survivor), O=old, HS=humongous(starts), HC=humongous(continues), CS=collection set, F=free, OA=open archive, CA=closed archive, TAMS=top-at-mark-start (previous, next)
|   0|0x00000000c0000000, 0x00000000c0100000, 0x00000000c0100000|100%|HS|  |TAMS 0x00000000c0100000, 0x00000000c0000000| Untracked 
|   1|0x00000000c0100000, 0x00000000c0200000, 0x00000000c0200000|100%|HC|  |TAMS 0x00000000c0200000, 0x00000000c0100000| Untracked 
|   2|0x00000000c0200000, 0x00000000c0300000, 0x00000000c0300000|100%|HC|  |TAMS 0x00000000c0300000, 0x00000000c0200000| Untracked 
|   3|0x00000000c0300000, 0x00000000c0400000, 0x00000000c0400000|100%|HC|  |TAMS 0x00000000c0400000, 0x00000000c0300000| Untracked 
|   4|0x00000000c0400000, 0x00000000c0500000, 0x00000000c0500000|100%|HS|  |TAMS 0x00000000c0500000, 0x00000000c0400000| Untracked 
|   5|0x00000000c0500000, 0x00000000c0600000, 0x00000000c0600000|100%|HC|  |TAMS 0x00000000c0600000, 0x00000000c0500000| Untracked 
|   6|0x00000000c0600000, 0x00000000c0700000, 0x00000000c0700000|100%| O|  |TAMS 0x00000000c0700000, 0x00000000c0600000| Untracked 
|   7|0x00000000c0700000, 0x00000000c0800000, 0x00000000c0800000|100%| O|  |TAMS 0x00000000c0800000, 0x00000000c0700000| Untracked 
|   8|0x00000000c0800000, 0x00000000c0900000, 0x00000000c0900000|100%| O|  |TAMS 0x00000000c0900000, 0x00000000c0800000| Untracked 
|   9|0x00000000c0900000, 0x00000000c0a00000, 0x00000000c0a00000|100%| O|  |TAMS 0x00000000c0a00000, 0x00000000c0900000| Untracked 
|  10|0x00000000c0a00000, 0x00000000c0b00000, 0x00000000c0b00000|100%| O|  |TAMS 0x00000000c0b00000, 0x00000000c0a00000| Untracked 
|  11|0x00000000c0b00000, 0x00000000c0bffff0, 0x00000000c0c00000| 99%| O|  |TAMS 0x00000000c0bffff0, 0x00000000c0b00000| Untracked 
|  12|0x00000000c0c00000, 0x00000000c0d00000, 0x00000000c0d00000|100%| O|  |TAMS 0x00000000c0d00000, 0x00000000c0c00000| Untracked 
|  13|0x00000000c0d00000, 0x00000000c0e00000, 0x00000000c0e00000|100%| O|  |TAMS 0x00000000c0e00000, 0x00000000c0d00000| Untracked 
|  14|0x00000000c0e00000, 0x00000000c0effff8, 0x00000000c0f00000| 99%| O|  |TAMS 0x00000000c0effff8, 0x00000000c0e00000| Untracked 
|  15|0x00000000c0f00000, 0x00000000c0ffffe0, 0x00000000c1000000| 99%| O|  |TAMS 0x00000000c0ffffe0, 0x00000000c0f00000| Untracked 
|  16|0x00000000c1000000, 0x00000000c10fff58, 0x00000000c1100000| 99%| O|  |TAMS 0x00000000c10fff58, 0x00000000c1000000| Untracked 
|  17|0x00000000c1100000, 0x00000000c11fffd8, 0x00000000c1200000| 99%| O|  |TAMS 0x00000000c11fffd8, 0x00000000c1100000| Untracked 
|  18|0x00000000c1200000, 0x00000000c12ffff0, 0x00000000c1300000| 99%| O|  |TAMS 0x00000000c12ffff0, 0x00000000c1200000| Untracked 
|  19|0x00000000c1300000, 0x00000000c13fffb0, 0x00000000c1400000| 99%| O|  |TAMS 0x00000000c13fffb0, 0x00000000c1300000| Untracked 
|  20|0x00000000c1400000, 0x00000000c14fffc0, 0x00000000c1500000| 99%| O|  |TAMS 0x00000000c14fffc0, 0x00000000c1400000| Untracked 
|  21|0x00000000c1500000, 0x00000000c15fff80, 0x00000000c1600000| 99%| O|  |TAMS 0x00000000c15fff80, 0x00000000c1500000| Untracked 
|  22|0x00000000c1600000, 0x00000000c16ffff8, 0x00000000c1700000| 99%| O|  |TAMS 0x00000000c16ffff8, 0x00000000c1600000| Untracked 
|  23|0x00000000c1700000, 0x00000000c1800000, 0x00000000c1800000|100%| O|  |TAMS 0x00000000c1800000, 0x00000000c1700000| Untracked 
|  24|0x00000000c1800000, 0x00000000c18ffff0, 0x00000000c1900000| 99%| O|  |TAMS 0x00000000c18ffff0, 0x00000000c1800000| Untracked 
|  25|0x00000000c1900000, 0x00000000c1a00000, 0x00000000c1a00000|100%| O|  |TAMS 0x00000000c1a00000, 0x00000000c1900000| Untracked 
|  26|0x00000000c1a00000, 0x00000000c1affff0, 0x00000000c1b00000| 99%| O|  |TAMS 0x00000000c1affff0, 0x00000000c1a00000| Untracked 
|  27|0x00000000c1b00000, 0x00000000c1bf8898, 0x00000000c1c00000| 97%| O|  |TAMS 0x00000000c1bf8898, 0x00000000c1b00000| Untracked 
|  28|0x00000000c1c00000, 0x00000000c1cfffe0, 0x00000000c1d00000| 99%| O|  |TAMS 0x00000000c1cfffe0, 0x00000000c1c00000| Untracked 
|  29|0x00000000c1d00000, 0x00000000c1d646f0, 0x00000000c1e00000| 39%| O|  |TAMS 0x00000000c1d00000, 0x00000000c1d00000| Untracked 
|  30|0x00000000c1e00000, 0x00000000c1e00068, 0x00000000c1f00000|  0%| O|  |TAMS 0x00000000c1e00000, 0x00000000c1e00000| Untracked 
|  31|0x00000000c1f00000, 0x00000000c1f00000, 0x00000000c2000000|  0%| F|  |TAMS 0x00000000c1f00000, 0x00000000c1f00000| Untracked 
|  32|0x00000000c2000000, 0x00000000c2000000, 0x00000000c2100000|  0%| F|  |TAMS 0x00000000c2000000, 0x00000000c2000000| Untracked 
|  33|0x00000000c2100000, 0x00000000c2100000, 0x00000000c2200000|  0%| F|  |TAMS 0x00000000c2100000, 0x00000000c2100000| Untracked 
|  34|0x00000000c2200000, 0x00000000c2200000, 0x00000000c2300000|  0%| F|  |TAMS 0x00000000c2200000, 0x00000000c2200000| Untracked 
|  35|0x00000000c2300000, 0x00000000c2300000, 0x00000000c2400000|  0%| F|  |TAMS 0x00000000c2300000, 0x00000000c2300000| Untracked 
|  36|0x00000000c2400000, 0x00000000c2400000, 0x00000000c2500000|  0%| F|  |TAMS 0x00000000c2400000, 0x00000000c2400000| Untracked 
|  37|0x00000000c2500000, 0x00000000c2500000, 0x00000000c2600000|  0%| F|  |TAMS 0x00000000c2500000, 0x00000000c2500000| Untracked 
|  38|0x00000000c2600000, 0x00000000c2600000, 0x00000000c2700000|  0%| F|  |TAMS 0x00000000c2600000, 0x00000000c2600000| Untracked 
|  39|0x00000000c2700000, 0x00000000c2700000, 0x00000000c2800000|  0%| F|  |TAMS 0x00000000c2700000, 0x00000000c2700000| Untracked 
|  40|0x00000000c2800000, 0x00000000c2800000, 0x00000000c2900000|  0%| F|  |TAMS 0x00000000c2800000, 0x00000000c2800000| Untracked 
|  41|0x00000000c2900000, 0x00000000c2900000, 0x00000000c2a00000|  0%| F|  |TAMS 0x00000000c2900000, 0x00000000c2900000| Untracked 
|  42|0x00000000c2a00000, 0x00000000c2a00000, 0x00000000c2b00000|  0%| F|  |TAMS 0x00000000c2a00000, 0x00000000c2a00000| Untracked 
|  43|0x00000000c2b00000, 0x00000000c2b00000, 0x00000000c2c00000|  0%| F|  |TAMS 0x00000000c2b00000, 0x00000000c2b00000| Untracked 
|  44|0x00000000c2c00000, 0x00000000c2c00000, 0x00000000c2d00000|  0%| F|  |TAMS 0x00000000c2c00000, 0x00000000c2c00000| Untracked 
|  45|0x00000000c2d00000, 0x00000000c2d00000, 0x00000000c2e00000|  0%| F|  |TAMS 0x00000000c2d00000, 0x00000000c2d00000| Untracked 
|  46|0x00000000c2e00000, 0x00000000c2e00000, 0x00000000c2f00000|  0%| F|  |TAMS 0x00000000c2e00000, 0x00000000c2e00000| Untracked 
|  47|0x00000000c2f00000, 0x00000000c2f00000, 0x00000000c3000000|  0%| F|  |TAMS 0x00000000c2f00000, 0x00000000c2f00000| Untracked 
|  48|0x00000000c3000000, 0x00000000c3000000, 0x00000000c3100000|  0%| F|  |TAMS 0x00000000c3000000, 0x00000000c3000000| Untracked 
|  49|0x00000000c3100000, 0x00000000c3100000, 0x00000000c3200000|  0%| F|  |TAMS 0x00000000c3100000, 0x00000000c3100000| Untracked 
|  50|0x00000000c3200000, 0x00000000c3200000, 0x00000000c3300000|  0%| F|  |TAMS 0x00000000c3200000, 0x00000000c3200000| Untracked 
|  51|0x00000000c3300000, 0x00000000c3300000, 0x00000000c3400000|  0%| F|  |TAMS 0x00000000c3300000, 0x00000000c3300000| Untracked 
|  52|0x00000000c3400000, 0x00000000c3400000, 0x00000000c3500000|  0%| F|  |TAMS 0x00000000c3400000, 0x00000000c3400000| Untracked 
|  53|0x00000000c3500000, 0x00000000c3500000, 0x00000000c3600000|  0%| F|  |TAMS 0x00000000c3500000, 0x00000000c3500000| Untracked 
|  54|0x00000000c3600000, 0x00000000c3600000, 0x00000000c3700000|  0%| F|  |TAMS 0x00000000c3600000, 0x00000000c3600000| Untracked 
|  55|0x00000000c3700000, 0x00000000c3700000, 0x00000000c3800000|  0%| F|  |TAMS 0x00000000c3700000, 0x00000000c3700000| Untracked 
|  56|0x00000000c3800000, 0x00000000c3800000, 0x00000000c3900000|  0%| F|  |TAMS 0x00000000c3800000, 0x00000000c3800000| Untracked 
|  57|0x00000000c3900000, 0x00000000c3900000, 0x00000000c3a00000|  0%| F|  |TAMS 0x00000000c3900000, 0x00000000c3900000| Untracked 
|  58|0x00000000c3a00000, 0x00000000c3a00000, 0x00000000c3b00000|  0%| F|  |TAMS 0x00000000c3a00000, 0x00000000c3a00000| Untracked 
|  59|0x00000000c3b00000, 0x00000000c3b00000, 0x00000000c3c00000|  0%| F|  |TAMS 0x00000000c3b00000, 0x00000000c3b00000| Untracked 
|  60|0x00000000c3c00000, 0x00000000c3c00000, 0x00000000c3d00000|  0%| F|  |TAMS 0x00000000c3c00000, 0x00000000c3c00000| Untracked 
|  61|0x00000000c3d00000, 0x00000000c3d00000, 0x00000000c3e00000|  0%| F|  |TAMS 0x00000000c3d00000, 0x00000000c3d00000| Untracked 
|  62|0x00000000c3e00000, 0x00000000c3e00000, 0x00000000c3f00000|  0%| F|  |TAMS 0x00000000c3e00000, 0x00000000c3e00000| Untracked 
|  63|0x00000000c3f00000, 0x00000000c3f00000, 0x00000000c4000000|  0%| F|  |TAMS 0x00000000c3f00000, 0x00000000c3f00000| Untracked 
|  64|0x00000000c4000000, 0x00000000c4000000, 0x00000000c4100000|  0%| F|  |TAMS 0x00000000c4000000, 0x00000000c4000000| Untracked 
|  65|0x00000000c4100000, 0x00000000c4100000, 0x00000000c4200000|  0%| F|  |TAMS 0x00000000c4100000, 0x00000000c4100000| Untracked 
|  66|0x00000000c4200000, 0x00000000c4200000, 0x00000000c4300000|  0%| F|  |TAMS 0x00000000c4200000, 0x00000000c4200000| Untracked 
|  67|0x00000000c4300000, 0x00000000c4300000, 0x00000000c4400000|  0%| F|  |TAMS 0x00000000c4300000, 0x00000000c4300000| Untracked 
|  68|0x00000000c4400000, 0x00000000c4400000, 0x00000000c4500000|  0%| F|  |TAMS 0x00000000c4400000, 0x00000000c4400000| Untracked 
|  69|0x00000000c4500000, 0x00000000c4500000, 0x00000000c4600000|  0%| F|  |TAMS 0x00000000c4500000, 0x00000000c4500000| Untracked 
| 209|0x00000000cd100000, 0x00000000cd100000, 0x00000000cd200000|  0%| F|  |TAMS 0x00000000cd100000, 0x00000000cd100000| Untracked 
| 210|0x00000000cd200000, 0x00000000cd200000, 0x00000000cd300000|  0%| F|  |TAMS 0x00000000cd200000, 0x00000000cd200000| Untracked 
| 211|0x00000000cd300000, 0x00000000cd300000, 0x00000000cd400000|  0%| F|  |TAMS 0x00000000cd300000, 0x00000000cd300000| Untracked 
| 212|0x00000000cd400000, 0x00000000cd400000, 0x00000000cd500000|  0%| F|  |TAMS 0x00000000cd400000, 0x00000000cd400000| Untracked 
| 213|0x00000000cd500000, 0x00000000cd500000, 0x00000000cd600000|  0%| F|  |TAMS 0x00000000cd500000, 0x00000000cd500000| Untracked 
| 250|0x00000000cfa00000, 0x00000000cfa00000, 0x00000000cfb00000|  0%| F|  |TAMS 0x00000000cfa00000, 0x00000000cfa00000| Untracked 
| 251|0x00000000cfb00000, 0x00000000cfb096f8, 0x00000000cfc00000|  3%| E|  |TAMS 0x00000000cfb00000, 0x00000000cfb00000| Complete 

Card table byte_map: [0x000002979cba0000,0x000002979cda0000] _byte_map_base: 0x000002979c5a0000

Marking Bits (Prev, Next): (CMBitMap*) 0x0000029796c46a60, (CMBitMap*) 0x0000029796c46aa0
 Prev Bits: [0x000002979cfa0000, 0x000002979dfa0000)
 Next Bits: [0x000002979dfa0000, 0x000002979efa0000)

Polling page: 0x00000297963b0000

Metaspace:

Usage:
  Non-class:     51.10 MB used.
      Class:      7.23 MB used.
       Both:     58.32 MB used.

Virtual space:
  Non-class space:       64.00 MB reserved,      51.38 MB ( 80%) committed,  1 nodes.
      Class space:        1.00 GB reserved,       7.44 MB ( <1%) committed,  1 nodes.
             Both:        1.06 GB reserved,      58.81 MB (  5%) committed. 

Chunk freelists:
   Non-Class:  12.72 MB
       Class:  8.51 MB
        Both:  21.23 MB

MaxMetaspaceSize: unlimited
CompressedClassSpaceSize: 1.00 GB
Initial GC threshold: 21.00 MB
Current GC threshold: 98.06 MB
CDS: off
MetaspaceReclaimPolicy: balanced
 - commit_granule_bytes: 65536.
 - commit_granule_words: 8192.
 - virtual_space_node_default_size: 8388608.
 - enlarge_chunks_in_place: 1.
 - new_chunks_are_fully_committed: 0.
 - uncommit_free_chunks: 1.
 - use_allocation_guard: 0.
 - handle_deallocations: 1.


Internal statistics:

num_allocs_failed_limit: 6.
num_arena_births: 688.
num_arena_deaths: 266.
num_vsnodes_births: 2.
num_vsnodes_deaths: 0.
num_space_committed: 941.
num_space_uncommitted: 0.
num_chunks_returned_to_freelist: 310.
num_chunks_taken_from_freelist: 2656.
num_chunk_merges: 109.
num_chunk_splits: 1806.
num_chunks_enlarged: 1384.
num_inconsistent_stats: 0.

CodeCache: size=49152Kb used=10426Kb max_used=10989Kb free=38725Kb
 bounds [0x0000029799890000, 0x000002979a350000, 0x000002979c890000]
 total_blobs=6325 nmethods=5648 adapters=603
 compilation: enabled
              stopped_count=0, restarted_count=0
 full_count=0

Compilation events (20 events):
Event: 603847.816 Thread 0x00000297a1a7e940 nmethod 5638 0x0000029799ad6410 code [0x0000029799ad65a0, 0x0000029799ad66b8]
Event: 603847.817 Thread 0x00000297a683f7e0 nmethod 5640 0x0000029799ad6110 code [0x0000029799ad62a0, 0x0000029799ad6378]
Event: 603868.112 Thread 0x00000297a1a7e940 5641       1       java.time.temporal.TemporalQueries::chronology (4 bytes)
Event: 603868.112 Thread 0x00000297a1a7e940 nmethod 5641 0x0000029799ad5e10 code [0x0000029799ad5fa0, 0x0000029799ad6058]
Event: 603868.112 Thread 0x00000297a1a7e940 5642       1       java.time.format.DateTimeFormatterBuilder$NumberPrinterParser::format (365 bytes)
Event: 603868.113 Thread 0x00000297a1a7e940 nmethod 5642 0x0000029799ad4510 code [0x0000029799ad4880, 0x0000029799ad5518]
Event: 603868.113 Thread 0x00000297a1a7e940 5643       1       java.time.format.DateTimeFormatterBuilder$NumberPrinterParser::getValue (2 bytes)
Event: 603868.113 Thread 0x00000297a1a7e940 nmethod 5643 0x0000029799ad4210 code [0x0000029799ad43a0, 0x0000029799ad4478]
Event: 603868.113 Thread 0x00000297a1a7e940 5644       1       java.time.format.DateTimeFormatterBuilder$CharLiteralPrinterParser::format (11 bytes)
Event: 603868.113 Thread 0x00000297a1a7e940 nmethod 5644 0x0000029799ad3e90 code [0x0000029799ad4020, 0x0000029799ad4108]
Event: 603868.113 Thread 0x00000297a1a7e940 5645       1       java.math.BigDecimal::add (189 bytes)
Event: 603868.113 Thread 0x00000297a1a7e940 nmethod 5645 0x0000029799ad3190 code [0x0000029799ad3420, 0x0000029799ad3b08]
Event: 603868.113 Thread 0x00000297a1a7e940 5646       1       java.math.BigDecimal::add (42 bytes)
Event: 603868.113 Thread 0x00000297a1a7e940 nmethod 5646 0x0000029799ad2990 code [0x0000029799ad2b80, 0x0000029799ad2f68]
Event: 603868.113 Thread 0x00000297a1a7e940 5647       1       java.math.BigDecimal::add (26 bytes)
Event: 603868.113 Thread 0x00000297a1a7e940 nmethod 5647 0x0000029799ad2690 code [0x0000029799ad2820, 0x0000029799ad2918]
Event: 606238.467 Thread 0x00000297a1a7e940 5648       1       java.lang.StackStreamFactory$FrameBuffer::startIndex (2 bytes)
Event: 606238.467 Thread 0x00000297a1a7e940 nmethod 5648 0x0000029799ad2210 code [0x0000029799ad23a0, 0x0000029799ad2478]
Event: 606238.467 Thread 0x00000297a1a7e940 5649       1       java.lang.StackStreamFactory$StackFrameTraverser$StackFrameBuffer::frames (5 bytes)
Event: 606238.467 Thread 0x00000297a1a7e940 nmethod 5649 0x0000029799fc4e10 code [0x0000029799fc4fa0, 0x0000029799fc5078]

GC Heap History (20 events):
Event: 643425.474 GC heap before
{Heap before GC invocations=31383 (full 31370):
 garbage-first heap   total 78848K, used 30067K [0x00000000c0000000, 0x0000000100000000)
  region size 1024K, 1 young (1024K), 0 survivors (0K)
 Metaspace       used 59724K, committed 60224K, reserved 1114112K
  class space    used 7400K, committed 7616K, reserved 1048576K
}
Event: 643425.548 GC heap after
{Heap after GC invocations=31384 (full 31371):
 garbage-first heap   total 78848K, used 30067K [0x00000000c0000000, 0x0000000100000000)
  region size 1024K, 0 young (0K), 0 survivors (0K)
 Metaspace       used 59724K, committed 60224K, reserved 1114112K
  class space    used 7400K, committed 7616K, reserved 1048576K
}
Event: 643435.873 GC heap before
{Heap before GC invocations=31384 (full 31371):
 garbage-first heap   total 78848K, used 30067K [0x00000000c0000000, 0x0000000100000000)
  region size 1024K, 1 young (1024K), 0 survivors (0K)
 Metaspace       used 59724K, committed 60224K, reserved 1114112K
  class space    used 7400K, committed 7616K, reserved 1048576K
}
Event: 643435.934 GC heap after
{Heap after GC invocations=31385 (full 31372):
 garbage-first heap   total 78848K, used 30067K [0x00000000c0000000, 0x0000000100000000)
  region size 1024K, 0 young (0K), 0 survivors (0K)
 Metaspace       used 59724K, committed 60224K, reserved 1114112K
  class space    used 7400K, committed 7616K, reserved 1048576K
}
Event: 643446.262 GC heap before
{Heap before GC invocations=31385 (full 31372):
 garbage-first heap   total 78848K, used 30067K [0x00000000c0000000, 0x0000000100000000)
  region size 1024K, 1 young (1024K), 0 survivors (0K)
 Metaspace       used 59724K, committed 60224K, reserved 1114112K
  class space    used 7400K, committed 7616K, reserved 1048576K
}
Event: 643446.335 GC heap after
{Heap after GC invocations=31386 (full 31373):
 garbage-first heap   total 78848K, used 30067K [0x00000000c0000000, 0x0000000100000000)
  region size 1024K, 0 young (0K), 0 survivors (0K)
 Metaspace       used 59724K, committed 60224K, reserved 1114112K
  class space    used 7400K, committed 7616K, reserved 1048576K
}
Event: 643456.644 GC heap before
{Heap before GC invocations=31386 (full 31373):
 garbage-first heap   total 78848K, used 30067K [0x00000000c0000000, 0x0000000100000000)
  region size 1024K, 1 young (1024K), 0 survivors (0K)
 Metaspace       used 59724K, committed 60224K, reserved 1114112K
  class space    used 7400K, committed 7616K, reserved 1048576K
}
Event: 643456.710 GC heap after
{Heap after GC invocations=31387 (full 31374):
 garbage-first heap   total 78848K, used 30067K [0x00000000c0000000, 0x0000000100000000)
  region size 1024K, 0 young (0K), 0 survivors (0K)
 Metaspace       used 59724K, committed 60224K, reserved 1114112K
  class space    used 7400K, committed 7616K, reserved 1048576K
}
Event: 643467.000 GC heap before
{Heap before GC invocations=31387 (full 31374):
 garbage-first heap   total 78848K, used 30067K [0x00000000c0000000, 0x0000000100000000)
  region size 1024K, 1 young (1024K), 0 survivors (0K)
 Metaspace       used 59724K, committed 60224K, reserved 1114112K
  class space    used 7400K, committed 7616K, reserved 1048576K
}
Event: 643467.064 GC heap after
{Heap after GC invocations=31388 (full 31375):
 garbage-first heap   total 78848K, used 30067K [0x00000000c0000000, 0x0000000100000000)
  region size 1024K, 0 young (0K), 0 survivors (0K)
 Metaspace       used 59724K, committed 60224K, reserved 1114112K
  class space    used 7400K, committed 7616K, reserved 1048576K
}
Event: 643477.365 GC heap before
{Heap before GC invocations=31388 (full 31375):
 garbage-first heap   total 78848K, used 30067K [0x00000000c0000000, 0x0000000100000000)
  region size 1024K, 1 young (1024K), 0 survivors (0K)
 Metaspace       used 59724K, committed 60224K, reserved 1114112K
  class space    used 7400K, committed 7616K, reserved 1048576K
}
Event: 643477.426 GC heap after
{Heap after GC invocations=31389 (full 31376):
 garbage-first heap   total 78848K, used 30067K [0x00000000c0000000, 0x0000000100000000)
  region size 1024K, 0 young (0K), 0 survivors (0K)
 Metaspace       used 59724K, committed 60224K, reserved 1114112K
  class space    used 7400K, committed 7616K, reserved 1048576K
}
Event: 643487.726 GC heap before
{Heap before GC invocations=31389 (full 31376):
 garbage-first heap   total 78848K, used 30067K [0x00000000c0000000, 0x0000000100000000)
  region size 1024K, 1 young (1024K), 0 survivors (0K)
 Metaspace       used 59724K, committed 60224K, reserved 1114112K
  class space    used 7400K, committed 7616K, reserved 1048576K
}
Event: 643487.804 GC heap after
{Heap after GC invocations=31390 (full 31377):
 garbage-first heap   total 78848K, used 30067K [0x00000000c0000000, 0x0000000100000000)
  region size 1024K, 0 young (0K), 0 survivors (0K)
 Metaspace       used 59724K, committed 60224K, reserved 1114112K
  class space    used 7400K, committed 7616K, reserved 1048576K
}
Event: 643498.106 GC heap before
{Heap before GC invocations=31390 (full 31377):
 garbage-first heap   total 78848K, used 30067K [0x00000000c0000000, 0x0000000100000000)
  region size 1024K, 1 young (1024K), 0 survivors (0K)
 Metaspace       used 59724K, committed 60224K, reserved 1114112K
  class space    used 7400K, committed 7616K, reserved 1048576K
}
Event: 643498.179 GC heap after
{Heap after GC invocations=31391 (full 31378):
 garbage-first heap   total 78848K, used 30067K [0x00000000c0000000, 0x0000000100000000)
  region size 1024K, 0 young (0K), 0 survivors (0K)
 Metaspace       used 59724K, committed 60224K, reserved 1114112K
  class space    used 7400K, committed 7616K, reserved 1048576K
}
Event: 643508.465 GC heap before
{Heap before GC invocations=31391 (full 31378):
 garbage-first heap   total 78848K, used 30067K [0x00000000c0000000, 0x0000000100000000)
  region size 1024K, 1 young (1024K), 0 survivors (0K)
 Metaspace       used 59724K, committed 60224K, reserved 1114112K
  class space    used 7400K, committed 7616K, reserved 1048576K
}
Event: 643508.544 GC heap after
{Heap after GC invocations=31392 (full 31379):
 garbage-first heap   total 78848K, used 30067K [0x00000000c0000000, 0x0000000100000000)
  region size 1024K, 0 young (0K), 0 survivors (0K)
 Metaspace       used 59724K, committed 60224K, reserved 1114112K
  class space    used 7400K, committed 7616K, reserved 1048576K
}
Event: 643518.838 GC heap before
{Heap before GC invocations=31392 (full 31379):
 garbage-first heap   total 78848K, used 30067K [0x00000000c0000000, 0x0000000100000000)
  region size 1024K, 1 young (1024K), 0 survivors (0K)
 Metaspace       used 59724K, committed 60224K, reserved 1114112K
  class space    used 7400K, committed 7616K, reserved 1048576K
}
Event: 643518.924 GC heap after
{Heap after GC invocations=31393 (full 31380):
 garbage-first heap   total 78848K, used 30067K [0x00000000c0000000, 0x0000000100000000)
  region size 1024K, 0 young (0K), 0 survivors (0K)
 Metaspace       used 59724K, committed 60224K, reserved 1114112K
  class space    used 7400K, committed 7616K, reserved 1048576K
}

Dll operation events (10 events):
Event: 0.017 Loaded shared library c:\Users\hmg19\.vscode\extensions\redhat.java-1.32.0-win32-x64\jre\17.0.11-win32-x86_64\bin\java.dll
Event: 0.455 Loaded shared library C:\Users\hmg19\.vscode\extensions\redhat.java-1.32.0-win32-x64\jre\17.0.11-win32-x86_64\bin\net.dll
Event: 0.459 Loaded shared library C:\Users\hmg19\.vscode\extensions\redhat.java-1.32.0-win32-x64\jre\17.0.11-win32-x86_64\bin\nio.dll
Event: 1.245 Loaded shared library C:\Users\hmg19\.vscode\extensions\redhat.java-1.32.0-win32-x64\jre\17.0.11-win32-x86_64\bin\zip.dll
Event: 17.287 Loaded shared library C:\Users\hmg19\.vscode\extensions\redhat.java-1.32.0-win32-x64\jre\17.0.11-win32-x86_64\bin\jimage.dll
Event: 21.211 Loaded shared library c:\Users\hmg19\.vscode\extensions\redhat.java-1.32.0-win32-x64\jre\17.0.11-win32-x86_64\bin\verify.dll
Event: 29.865 Loaded shared library C:\Users\hmg19\.vscode\extensions\redhat.java-1.32.0-win32-x64\jre\17.0.11-win32-x86_64\bin\management.dll
Event: 29.875 Loaded shared library C:\Users\hmg19\.vscode\extensions\redhat.java-1.32.0-win32-x64\jre\17.0.11-win32-x86_64\bin\management_ext.dll
Event: 31.894 Loaded shared library C:\Users\hmg19\.vscode\extensions\redhat.java-1.32.0-win32-x64\jre\17.0.11-win32-x86_64\bin\sunmscapi.dll
Event: 32.524 Loaded shared library C:\Users\hmg19\.vscode\extensions\redhat.java-1.32.0-win32-x64\jre\17.0.11-win32-x86_64\bin\extnet.dll

Deoptimization events (20 events):
Event: 30.869 Thread 0x00000297a72d8590 DEOPT PACKING pc=0x0000029799e5ed81 sp=0x000000e8546fdd90
Event: 30.869 Thread 0x00000297a72d8590 DEOPT UNPACKING pc=0x00000297998eace3 sp=0x000000e8546fd220 mode 3
Event: 30.946 Thread 0x00000297a74cda60 DEOPT PACKING pc=0x0000029799e3b917 sp=0x000000e856cff100
Event: 30.946 Thread 0x00000297a74cda60 DEOPT UNPACKING pc=0x00000297998eace3 sp=0x000000e856cfe558 mode 3
Event: 32.119 Thread 0x00000297a74cf8c0 DEOPT PACKING pc=0x0000029799a9008c sp=0x000000e856efadc0
Event: 32.119 Thread 0x00000297a74cf8c0 DEOPT UNPACKING pc=0x00000297998eace3 sp=0x000000e856efa288 mode 0
Event: 601645.483 Thread 0x00000297a72d8590 DEOPT PACKING pc=0x0000029799f37b54 sp=0x000000e8546ff290
Event: 601645.485 Thread 0x00000297a72d8590 DEOPT UNPACKING pc=0x00000297998eace3 sp=0x000000e8546fe738 mode 0
Event: 601936.688 Thread 0x00000297a74cda60 DEOPT PACKING pc=0x000002979a11af8c sp=0x000000e856cfe390
Event: 601936.688 Thread 0x00000297a74cda60 DEOPT UNPACKING pc=0x00000297998eace3 sp=0x000000e856cfd8f8 mode 0
Event: 601936.688 Thread 0x00000297a74cda60 DEOPT PACKING pc=0x000002979a2f764c sp=0x000000e856cfe4c0
Event: 601936.688 Thread 0x00000297a74cda60 DEOPT UNPACKING pc=0x00000297998eace3 sp=0x000000e856cfd9a0 mode 0
Event: 601936.688 Thread 0x00000297a74cda60 DEOPT PACKING pc=0x000002979a11af8c sp=0x000000e856cfe5f0
Event: 601936.688 Thread 0x00000297a74cda60 DEOPT UNPACKING pc=0x00000297998eace3 sp=0x000000e856cfdb58 mode 0
Event: 601936.688 Thread 0x00000297a74cda60 DEOPT PACKING pc=0x000002979a2f764c sp=0x000000e856cfe720
Event: 601936.688 Thread 0x00000297a74cda60 DEOPT UNPACKING pc=0x00000297998eace3 sp=0x000000e856cfdc18 mode 0
Event: 601936.690 Thread 0x00000297a74cda60 DEOPT PACKING pc=0x000002979a11af8c sp=0x000000e856cfea90
Event: 601936.690 Thread 0x00000297a74cda60 DEOPT UNPACKING pc=0x00000297998eace3 sp=0x000000e856cfdff8 mode 0
Event: 601936.690 Thread 0x00000297a74cda60 DEOPT PACKING pc=0x000002979a2f764c sp=0x000000e856cfebc0
Event: 601936.690 Thread 0x00000297a74cda60 DEOPT UNPACKING pc=0x00000297998eace3 sp=0x000000e856cfe0b8 mode 0

Classes unloaded (20 events):
Event: 602001.799 Thread 0x00000297a1a9bc20 Unloading class 0x000000010074a400 'java/lang/invoke/LambdaForm$MH+0x000000010074a400'
Event: 602001.799 Thread 0x00000297a1a9bc20 Unloading class 0x000000010074a000 'java/lang/invoke/LambdaForm$MH+0x000000010074a000'
Event: 602001.799 Thread 0x00000297a1a9bc20 Unloading class 0x0000000100749400 'java/lang/invoke/LambdaForm$MH+0x0000000100749400'
Event: 602001.799 Thread 0x00000297a1a9bc20 Unloading class 0x0000000100749000 'java/lang/invoke/LambdaForm$MH+0x0000000100749000'
Event: 602001.799 Thread 0x00000297a1a9bc20 Unloading class 0x0000000100748c00 'java/lang/invoke/LambdaForm$MH+0x0000000100748c00'
Event: 602001.799 Thread 0x00000297a1a9bc20 Unloading class 0x0000000100748800 'java/lang/invoke/LambdaForm$MH+0x0000000100748800'
Event: 602001.799 Thread 0x00000297a1a9bc20 Unloading class 0x0000000100748400 'java/lang/invoke/LambdaForm$MH+0x0000000100748400'
Event: 602001.799 Thread 0x00000297a1a9bc20 Unloading class 0x0000000100748000 'java/lang/invoke/LambdaForm$MH+0x0000000100748000'
Event: 602001.799 Thread 0x00000297a1a9bc20 Unloading class 0x00000001006f2800 'java/lang/invoke/LambdaForm$MH+0x00000001006f2800'
Event: 602001.799 Thread 0x00000297a1a9bc20 Unloading class 0x00000001006f2400 'java/lang/invoke/LambdaForm$MH+0x00000001006f2400'
Event: 602001.799 Thread 0x00000297a1a9bc20 Unloading class 0x00000001006f2000 'java/lang/invoke/LambdaForm$MH+0x00000001006f2000'
Event: 602001.799 Thread 0x00000297a1a9bc20 Unloading class 0x00000001006f1c00 'java/lang/invoke/LambdaForm$MH+0x00000001006f1c00'
Event: 602001.799 Thread 0x00000297a1a9bc20 Unloading class 0x00000001006f1800 'java/lang/invoke/LambdaForm$MH+0x00000001006f1800'
Event: 602001.799 Thread 0x00000297a1a9bc20 Unloading class 0x00000001006f1400 'java/lang/invoke/LambdaForm$MH+0x00000001006f1400'
Event: 602001.799 Thread 0x00000297a1a9bc20 Unloading class 0x00000001006f0c00 'java/lang/invoke/LambdaForm$MH+0x00000001006f0c00'
Event: 602001.799 Thread 0x00000297a1a9bc20 Unloading class 0x00000001006f0800 'java/lang/invoke/LambdaForm$MH+0x00000001006f0800'
Event: 602001.799 Thread 0x00000297a1a9bc20 Unloading class 0x00000001006f0400 'java/lang/invoke/LambdaForm$MH+0x00000001006f0400'
Event: 602001.799 Thread 0x00000297a1a9bc20 Unloading class 0x00000001006f0000 'java/lang/invoke/LambdaForm$MH+0x00000001006f0000'
Event: 602001.799 Thread 0x00000297a1a9bc20 Unloading class 0x000000010008c000 'java/lang/invoke/LambdaForm$MH+0x000000010008c000'
Event: 602001.799 Thread 0x00000297a1a9bc20 Unloading class 0x000000010008d400 'java/lang/invoke/LambdaForm$MH+0x000000010008d400'

Classes redefined (0 events):
No events

Internal exceptions (20 events):
Event: 190.878 Thread 0x00000297a74d02e0 Exception <a 'java/io/IOException'{0x00000000cfb37308}: Connection reset by peer> (0x00000000cfb37308) 
thrown [s\src\hotspot\share\prims\jni.cpp, line 535]
Event: 601904.864 Thread 0x00000297a74d14f0 Exception <a 'sun/nio/fs/WindowsException'{0x00000000cfa6bde8}> (0x00000000cfa6bde8) 
thrown [s\src\hotspot\share\prims\jni.cpp, line 516]
Event: 601904.865 Thread 0x00000297a74d14f0 Exception <a 'sun/nio/fs/WindowsException'{0x00000000cfa6c448}> (0x00000000cfa6c448) 
thrown [s\src\hotspot\share\prims\jni.cpp, line 516]
Event: 601930.189 Thread 0x00000297a74d14f0 Exception <a 'sun/nio/fs/WindowsException'{0x00000000cfac24c0}> (0x00000000cfac24c0) 
thrown [s\src\hotspot\share\prims\jni.cpp, line 516]
Event: 601930.189 Thread 0x00000297a74d14f0 Exception <a 'sun/nio/fs/WindowsException'{0x00000000cfac2b00}> (0x00000000cfac2b00) 
thrown [s\src\hotspot\share\prims\jni.cpp, line 516]
Event: 601930.806 Thread 0x00000297a74cda60 Exception <a 'java/lang/NoSuchMethodError'{0x00000000c37cfec8}: 'java.lang.Object java.lang.invoke.Invokers$Holder.invoke_MT(java.lang.Object, java.lang.Object, java.lang.Object)'> (0x00000000c37cfec8) 
thrown [s\src\hotspot\share\interpreter\linkResolver.cpp, line 759]
Event: 601932.861 Thread 0x00000297a74d14f0 Exception <a 'sun/nio/fs/WindowsException'{0x00000000cd54af68}> (0x00000000cd54af68) 
thrown [s\src\hotspot\share\prims\jni.cpp, line 516]
Event: 601932.861 Thread 0x00000297a74d14f0 Exception <a 'sun/nio/fs/WindowsException'{0x00000000cd54b5a8}> (0x00000000cd54b5a8) 
thrown [s\src\hotspot\share\prims\jni.cpp, line 516]
Event: 601936.013 Thread 0x00000297a74cda60 Exception <a 'java/lang/IncompatibleClassChangeError'{0x00000000c3a9e920}: Found class java.lang.Object, but interface was expected> (0x00000000c3a9e920) 
thrown [s\src\hotspot\share\interpreter\linkResolver.cpp, line 826]
Event: 601936.071 Thread 0x00000297a74cda60 Exception <a 'java/lang/NoSuchMethodError'{0x00000000cfbe1600}: 'int java.lang.invoke.DirectMethodHandle$Holder.invokeSpecialIFC(java.lang.Object, java.lang.Object, java.lang.Object)'> (0x00000000cfbe1600) 
thrown [s\src\hotspot\share\interpreter\linkResolver.cpp, line 759]
Event: 601936.510 Thread 0x00000297a74cda60 Exception <a 'java/lang/NoSuchMethodError'{0x00000000c3ecc470}: 'java.lang.Object java.lang.invoke.DirectMethodHandle$Holder.invokeStaticInit(java.lang.Object, java.lang.Object, java.lang.Object, java.lang.Object)'> (0x00000000c3ecc470) 
thrown [s\src\hotspot\share\interpreter\linkResolver.cpp, line 759]
Event: 601936.512 Thread 0x00000297a74cda60 Exception <a 'java/lang/IncompatibleClassChangeError'{0x00000000c3ee7f48}: Found class java.lang.Object, but interface was expected> (0x00000000c3ee7f48) 
thrown [s\src\hotspot\share\interpreter\linkResolver.cpp, line 826]
Event: 601936.513 Thread 0x00000297a74cda60 Exception <a 'java/lang/IncompatibleClassChangeError'{0x00000000c3d03530}: Found class java.lang.Object, but interface was expected> (0x00000000c3d03530) 
thrown [s\src\hotspot\share\interpreter\linkResolver.cpp, line 826]
Event: 601936.519 Thread 0x00000297a74cda60 Exception <a 'java/lang/IncompatibleClassChangeError'{0x00000000c3d57848}: Found class java.lang.Object, but interface was expected> (0x00000000c3d57848) 
thrown [s\src\hotspot\share\interpreter\linkResolver.cpp, line 826]
Event: 603787.509 Thread 0x00000297a74d14f0 Exception <a 'sun/nio/fs/WindowsException'{0x00000000cfb2f670}> (0x00000000cfb2f670) 
thrown [s\src\hotspot\share\prims\jni.cpp, line 516]
Event: 603787.509 Thread 0x00000297a74d14f0 Exception <a 'sun/nio/fs/WindowsException'{0x00000000cfb2fcb0}> (0x00000000cfb2fcb0) 
thrown [s\src\hotspot\share\prims\jni.cpp, line 516]
Event: 603847.445 Thread 0x00000297a74d14f0 Exception <a 'sun/nio/fs/WindowsException'{0x00000000cfb28108}> (0x00000000cfb28108) 
thrown [s\src\hotspot\share\prims\jni.cpp, line 516]
Event: 603847.445 Thread 0x00000297a74d14f0 Exception <a 'sun/nio/fs/WindowsException'{0x00000000cfb97e00}> (0x00000000cfb97e00) 
thrown [s\src\hotspot\share\prims\jni.cpp, line 516]
Event: 603868.112 Thread 0x00000297a74d14f0 Exception <a 'sun/nio/fs/WindowsException'{0x00000000c3fe6d50}> (0x00000000c3fe6d50) 
thrown [s\src\hotspot\share\prims\jni.cpp, line 516]
Event: 603868.112 Thread 0x00000297a74d14f0 Exception <a 'sun/nio/fs/WindowsException'{0x00000000c3fe73b8}> (0x00000000c3fe73b8) 
thrown [s\src\hotspot\share\prims\jni.cpp, line 516]

VM Operations (20 events):
Event: 643425.548 Executing VM operation: G1CollectFull done
Event: 643435.873 Executing VM operation: G1CollectFull
Event: 643435.934 Executing VM operation: G1CollectFull done
Event: 643446.262 Executing VM operation: G1CollectFull
Event: 643446.336 Executing VM operation: G1CollectFull done
Event: 643456.644 Executing VM operation: G1CollectFull
Event: 643456.711 Executing VM operation: G1CollectFull done
Event: 643466.999 Executing VM operation: G1CollectFull
Event: 643467.064 Executing VM operation: G1CollectFull done
Event: 643477.365 Executing VM operation: G1CollectFull
Event: 643477.426 Executing VM operation: G1CollectFull done
Event: 643487.726 Executing VM operation: G1CollectFull
Event: 643487.804 Executing VM operation: G1CollectFull done
Event: 643498.106 Executing VM operation: G1CollectFull
Event: 643498.180 Executing VM operation: G1CollectFull done
Event: 643508.465 Executing VM operation: G1CollectFull
Event: 643508.544 Executing VM operation: G1CollectFull done
Event: 643518.838 Executing VM operation: G1CollectFull
Event: 643518.925 Executing VM operation: G1CollectFull done
Event: 643528.983 Executing VM operation: G1CollectFull

Events (20 events):
Event: 601936.514 loading class java/util/stream/ReduceOps$1 done
Event: 601936.514 loading class java/util/stream/ReduceOps$1ReducingSink
Event: 601936.515 loading class java/util/stream/ReduceOps$1ReducingSink done
Event: 601936.545 loading class java/io/InvalidClassException
Event: 601936.545 loading class java/io/InvalidClassException done
Event: 601936.556 loading class java/util/ArrayList$ListItr
Event: 601936.556 loading class java/util/ArrayList$ListItr done
Event: 601936.564 loading class java/util/EmptyStackException
Event: 601936.564 loading class java/util/EmptyStackException done
Event: 601936.610 loading class java/util/Hashtable$ValueCollection
Event: 601936.610 loading class java/util/Hashtable$ValueCollection done
Event: 601941.861 Thread 0x00000297a767a380 Thread exited: 0x00000297a767a380
Event: 601941.903 Thread 0x00000297a74cf3b0 Thread exited: 0x00000297a74cf3b0
Event: 601946.870 Thread 0x00000297a683f7e0 Thread exited: 0x00000297a683f7e0
Event: 601971.035 loading class java/io/RandomAccessFile$1
Event: 601971.036 loading class java/io/RandomAccessFile$1 done
Event: 603787.826 Thread 0x00000297a683f7e0 Thread added: 0x00000297a683f7e0
Event: 603792.903 Thread 0x00000297a683f7e0 Thread exited: 0x00000297a683f7e0
Event: 603847.670 Thread 0x00000297a683f7e0 Thread added: 0x00000297a683f7e0
Event: 603852.818 Thread 0x00000297a683f7e0 Thread exited: 0x00000297a683f7e0


Dynamic libraries:
0x00007ff74e7c0000 - 0x00007ff74e7ce000 	c:\Users\hmg19\.vscode\extensions\redhat.java-1.32.0-win32-x64\jre\17.0.11-win32-x86_64\bin\java.exe
0x00007ffaea0d0000 - 0x00007ffaea2e7000 	C:\WINDOWS\SYSTEM32\ntdll.dll
0x00007ffae9db0000 - 0x00007ffae9e74000 	C:\WINDOWS\System32\KERNEL32.DLL
0x00007ffae7800000 - 0x00007ffae7bad000 	C:\WINDOWS\System32\KERNELBASE.dll
0x00007ffae7540000 - 0x00007ffae7651000 	C:\WINDOWS\System32\ucrtbase.dll
0x00007ffacef10000 - 0x00007ffacef2b000 	c:\Users\hmg19\.vscode\extensions\redhat.java-1.32.0-win32-x64\jre\17.0.11-win32-x86_64\bin\VCRUNTIME140.dll
0x00007ffabf3e0000 - 0x00007ffabf3f7000 	c:\Users\hmg19\.vscode\extensions\redhat.java-1.32.0-win32-x64\jre\17.0.11-win32-x86_64\bin\jli.dll
0x00007ffae8ba0000 - 0x00007ffae8d4e000 	C:\WINDOWS\System32\USER32.dll
0x00007ffae7c70000 - 0x00007ffae7c96000 	C:\WINDOWS\System32\win32u.dll
0x00007ffae9eb0000 - 0x00007ffae9ed9000 	C:\WINDOWS\System32\GDI32.dll
0x00007ffae76e0000 - 0x00007ffae77f9000 	C:\WINDOWS\System32\gdi32full.dll
0x00007ffae74a0000 - 0x00007ffae753a000 	C:\WINDOWS\System32\msvcp_win.dll
0x00007ffacafa0000 - 0x00007ffacb233000 	C:\WINDOWS\WinSxS\amd64_microsoft.windows.common-controls_6595b64144ccf1df_6.0.22621.3672_none_2713b9d173822955\COMCTL32.dll
0x00007ffae9a30000 - 0x00007ffae9ad7000 	C:\WINDOWS\System32\msvcrt.dll
0x00007ffae8770000 - 0x00007ffae87a1000 	C:\WINDOWS\System32\IMM32.DLL
0x00007ffac52f0000 - 0x00007ffac52fc000 	c:\Users\hmg19\.vscode\extensions\redhat.java-1.32.0-win32-x64\jre\17.0.11-win32-x86_64\bin\vcruntime140_1.dll
0x00007ffaafea0000 - 0x00007ffaaff2d000 	c:\Users\hmg19\.vscode\extensions\redhat.java-1.32.0-win32-x64\jre\17.0.11-win32-x86_64\bin\msvcp140.dll
0x00007ffa91ad0000 - 0x00007ffa92732000 	c:\Users\hmg19\.vscode\extensions\redhat.java-1.32.0-win32-x64\jre\17.0.11-win32-x86_64\bin\server\jvm.dll
0x00007ffae9af0000 - 0x00007ffae9ba2000 	C:\WINDOWS\System32\ADVAPI32.dll
0x00007ffae96a0000 - 0x00007ffae9749000 	C:\WINDOWS\System32\sechost.dll
0x00007ffae7470000 - 0x00007ffae7498000 	C:\WINDOWS\System32\bcrypt.dll
0x00007ffae9910000 - 0x00007ffae9a24000 	C:\WINDOWS\System32\RPCRT4.dll
0x00007ffadee70000 - 0x00007ffadeea4000 	C:\WINDOWS\SYSTEM32\WINMM.dll
0x00007ffa60760000 - 0x00007ffa60769000 	C:\WINDOWS\SYSTEM32\WSOCK32.dll
0x00007ffae6290000 - 0x00007ffae62dd000 	C:\WINDOWS\SYSTEM32\POWRPROF.dll
0x00007ffae86f0000 - 0x00007ffae8761000 	C:\WINDOWS\System32\WS2_32.dll
0x00007ffadf760000 - 0x00007ffadf76a000 	C:\WINDOWS\SYSTEM32\VERSION.dll
0x00007ffae6270000 - 0x00007ffae6283000 	C:\WINDOWS\SYSTEM32\UMPDC.dll
0x00007ffae6520000 - 0x00007ffae6538000 	C:\WINDOWS\SYSTEM32\kernel.appcore.dll
0x00007ffac2c40000 - 0x00007ffac2c4a000 	c:\Users\hmg19\.vscode\extensions\redhat.java-1.32.0-win32-x64\jre\17.0.11-win32-x86_64\bin\jimage.dll
0x00007ffae4a70000 - 0x00007ffae4ca2000 	C:\WINDOWS\SYSTEM32\DBGHELP.DLL
0x00007ffae8810000 - 0x00007ffae8b98000 	C:\WINDOWS\System32\combase.dll
0x00007ffae8d50000 - 0x00007ffae8e27000 	C:\WINDOWS\System32\OLEAUT32.dll
0x00007ffadbb10000 - 0x00007ffadbb42000 	C:\WINDOWS\SYSTEM32\dbgcore.DLL
0x00007ffae7660000 - 0x00007ffae76db000 	C:\WINDOWS\System32\bcryptPrimitives.dll
0x00007ffabed90000 - 0x00007ffabedb5000 	c:\Users\hmg19\.vscode\extensions\redhat.java-1.32.0-win32-x64\jre\17.0.11-win32-x86_64\bin\java.dll
0x00007ffabed70000 - 0x00007ffabed88000 	c:\Users\hmg19\.vscode\extensions\redhat.java-1.32.0-win32-x64\jre\17.0.11-win32-x86_64\bin\zip.dll
0x00007ffae8e30000 - 0x00007ffae968f000 	C:\WINDOWS\System32\SHELL32.dll
0x00007ffae5320000 - 0x00007ffae5c1c000 	C:\WINDOWS\SYSTEM32\windows.storage.dll
0x00007ffae51e0000 - 0x00007ffae531f000 	C:\WINDOWS\SYSTEM32\wintypes.dll
0x00007ffae9cb0000 - 0x00007ffae9da4000 	C:\WINDOWS\System32\SHCORE.dll
0x00007ffae80e0000 - 0x00007ffae813e000 	C:\WINDOWS\System32\shlwapi.dll
0x00007ffae7330000 - 0x00007ffae7351000 	C:\WINDOWS\SYSTEM32\profapi.dll
0x00007ffabec70000 - 0x00007ffabec89000 	C:\Users\hmg19\.vscode\extensions\redhat.java-1.32.0-win32-x64\jre\17.0.11-win32-x86_64\bin\net.dll
0x00007ffae0560000 - 0x00007ffae0696000 	C:\WINDOWS\SYSTEM32\WINHTTP.dll
0x00007ffae6990000 - 0x00007ffae69f9000 	C:\WINDOWS\system32\mswsock.dll
0x00007ffab91e0000 - 0x00007ffab91f6000 	C:\Users\hmg19\.vscode\extensions\redhat.java-1.32.0-win32-x64\jre\17.0.11-win32-x86_64\bin\nio.dll
0x00007ffabed60000 - 0x00007ffabed70000 	c:\Users\hmg19\.vscode\extensions\redhat.java-1.32.0-win32-x64\jre\17.0.11-win32-x86_64\bin\verify.dll
0x00007ffae6bf0000 - 0x00007ffae6c0b000 	C:\WINDOWS\SYSTEM32\CRYPTSP.dll
0x00007ffae6480000 - 0x00007ffae64b5000 	C:\WINDOWS\system32\rsaenh.dll
0x00007ffae6a90000 - 0x00007ffae6ab8000 	C:\WINDOWS\SYSTEM32\USERENV.dll
0x00007ffae6c10000 - 0x00007ffae6c1c000 	C:\WINDOWS\SYSTEM32\CRYPTBASE.dll
0x00007ffae5ee0000 - 0x00007ffae5f0d000 	C:\WINDOWS\SYSTEM32\IPHLPAPI.DLL
0x00007ffae9690000 - 0x00007ffae9699000 	C:\WINDOWS\System32\NSI.dll
0x00007ffae03f0000 - 0x00007ffae0409000 	C:\WINDOWS\SYSTEM32\dhcpcsvc6.DLL
0x00007ffae03d0000 - 0x00007ffae03ef000 	C:\WINDOWS\SYSTEM32\dhcpcsvc.DLL
0x00007ffae5f50000 - 0x00007ffae6048000 	C:\WINDOWS\SYSTEM32\DNSAPI.dll
0x00007ffaba040000 - 0x00007ffaba049000 	C:\Users\hmg19\.vscode\extensions\redhat.java-1.32.0-win32-x64\jre\17.0.11-win32-x86_64\bin\management.dll
0x00007ffabd9d0000 - 0x00007ffabd9db000 	C:\Users\hmg19\.vscode\extensions\redhat.java-1.32.0-win32-x64\jre\17.0.11-win32-x86_64\bin\management_ext.dll
0x00007ffae80d0000 - 0x00007ffae80d8000 	C:\WINDOWS\System32\PSAPI.DLL
0x00007ffab9390000 - 0x00007ffab939e000 	C:\Users\hmg19\.vscode\extensions\redhat.java-1.32.0-win32-x64\jre\17.0.11-win32-x86_64\bin\sunmscapi.dll
0x00007ffae7ca0000 - 0x00007ffae7e07000 	C:\WINDOWS\System32\CRYPT32.dll
0x00007ffae6d90000 - 0x00007ffae6dbe000 	C:\WINDOWS\SYSTEM32\ncrypt.dll
0x00007ffae6d50000 - 0x00007ffae6d87000 	C:\WINDOWS\SYSTEM32\NTASN1.dll
0x00007ffadc7b0000 - 0x00007ffadc7ba000 	C:\Windows\System32\rasadhlp.dll
0x00007ffade900000 - 0x00007ffade983000 	C:\WINDOWS\System32\fwpuclnt.dll
0x00007ffab91b0000 - 0x00007ffab91b9000 	C:\Users\hmg19\.vscode\extensions\redhat.java-1.32.0-win32-x64\jre\17.0.11-win32-x86_64\bin\extnet.dll

dbghelp: loaded successfully - version: 4.0.5 - missing functions: none
symbol engine: initialized successfully - sym options: 0x614 - pdb path: .;c:\Users\hmg19\.vscode\extensions\redhat.java-1.32.0-win32-x64\jre\17.0.11-win32-x86_64\bin;C:\WINDOWS\SYSTEM32;C:\WINDOWS\WinSxS\amd64_microsoft.windows.common-controls_6595b64144ccf1df_6.0.22621.3672_none_2713b9d173822955;c:\Users\hmg19\.vscode\extensions\redhat.java-1.32.0-win32-x64\jre\17.0.11-win32-x86_64\bin\server

VM Arguments:
jvm_args: -Xmx1024m -Dsts.lsp.client=vscode -Dsts.log.file=/dev/null -XX:TieredStopAtLevel=1 -Xlog:jni+resolve=off -Dspring.config.location=file:c:\Users\hmg19\.vscode\extensions\vmware.vscode-spring-boot-1.55.1\language-server\BOOT-INF\classes\application.properties 
java_command: org.springframework.ide.vscode.boot.app.BootLanguageServerBootApp
java_class_path (initial): c:\Users\hmg19\.vscode\extensions\vmware.vscode-spring-boot-1.55.1\language-server\BOOT-INF\classes;c:\Users\hmg19\.vscode\extensions\vmware.vscode-spring-boot-1.55.1\language-server\BOOT-INF\lib\annotations-24.1.0.jar;c:\Users\hmg19\.vscode\extensions\vmware.vscode-spring-boot-1.55.1\language-server\BOOT-INF\lib\antlr4-runtime-4.13.1.jar;c:\Users\hmg19\.vscode\extensions\vmware.vscode-spring-boot-1.55.1\language-server\BOOT-INF\lib\asm-9.7.jar;c:\Users\hmg19\.vscode\extensions\vmware.vscode-spring-boot-1.55.1\language-server\BOOT-INF\lib\asm-analysis-9.7.jar;c:\Users\hmg19\.vscode\extensions\vmware.vscode-spring-boot-1.55.1\language-server\BOOT-INF\lib\asm-tree-9.7.jar;c:\Users\hmg19\.vscode\extensions\vmware.vscode-spring-boot-1.55.1\language-server\BOOT-INF\lib\asm-util-9.7.jar;c:\Users\hmg19\.vscode\extensions\vmware.vscode-spring-boot-1.55.1\language-server\BOOT-INF\lib\caffeine-3.1.8.jar;c:\Users\hmg19\.vscode\extensions\vmware.vscode-spring-boot-1.55.1\language-server\BOOT-INF\lib\checker-qual-3.12.0.jar;c:\Users\hmg19\.vscode\extensions\vmware.vscode-spring-boot-1.55.1\language-server\BOOT-INF\lib\classgraph-4.8.149.jar;c:\Users\hmg19\.vscode\extensions\vmware.vscode-spring-boot-1.55.1\language-server\BOOT-INF\lib\commons-codec-1.16.1.jar;c:\Users\hmg19\.vscode\extensions\vmware.vscode-spring-boot-1.55.1\language-server\BOOT-INF\lib\commons-compress-1.26.1.jar;c:\Users\hmg19\.vscode\extensions\vmware.vscode-spring-boot-1.55.1\language-server\BOOT-INF\lib\commons-io-2.16.1.jar;c:\Users\hmg19\.vscode\extensions\vmware.vscode-spring-boot-1.55.1\language-server\BOOT-INF\lib\commons-java-1.55.1-SNAPSHOT.jar;c:\Users\hmg19\.vscode\extensions\vmware.vscode-spring-boot-1.55.1\language-server\BOOT-INF\lib\commons-lang3-3.14.0.jar;c:\Users\hmg19\.vscode\extensions\vmware.vscode-spring-boot-1.55.1\language-server\BOOT-INF\lib\commons-language-server-1.55.1-SNAPSHOT.jar;c:\Users\hmg19\.vscode\extensions\vmware.vscode-spring-boot-1.55.1\langu
Launcher Type: SUN_STANDARD

[Global flags]
     intx CICompilerCount                          = 4                                         {product} {ergonomic}
     uint ConcGCThreads                            = 2                                         {product} {ergonomic}
     uint G1ConcRefinementThreads                  = 8                                         {product} {ergonomic}
   size_t G1HeapRegionSize                         = 1048576                                   {product} {ergonomic}
    uintx GCDrainStackTargetSize                   = 64                                        {product} {ergonomic}
   size_t InitialHeapSize                          = 264241152                                 {product} {ergonomic}
   size_t MarkStackSize                            = 4194304                                   {product} {ergonomic}
   size_t MaxHeapSize                              = 1073741824                                {product} {command line}
   size_t MaxNewSize                               = 643825664                                 {product} {ergonomic}
   size_t MinHeapDeltaBytes                        = 1048576                                   {product} {ergonomic}
   size_t MinHeapSize                              = 8388608                                   {product} {ergonomic}
    uintx NonProfiledCodeHeapSize                  = 0                                      {pd product} {ergonomic}
     bool ProfileInterpreter                       = false                                  {pd product} {command line}
    uintx ProfiledCodeHeapSize                     = 0                                      {pd product} {ergonomic}
   size_t SoftMaxHeapSize                          = 1073741824                             {manageable} {ergonomic}
     intx TieredStopAtLevel                        = 1                                         {product} {command line}
     bool UseCompressedClassPointers               = true                           {product lp64_product} {ergonomic}
     bool UseCompressedOops                        = true                           {product lp64_product} {ergonomic}
     bool UseG1GC                                  = true                                      {product} {ergonomic}
     bool UseLargePagesIndividualAllocation        = false                                  {pd product} {ergonomic}

Logging:
Log output configuration:
 #0: stdout all=warning,jni+resolve=off uptime,level,tags
 #1: stderr all=off uptime,level,tags

Environment Variables:
JAVA_HOME=C:\Program Files\Java\jdk-18.0.2.1
CLASSPATH=C:\Program Files\Java\jdk-18.0.2.1\lib
PATH=C:\Python312\Scripts\;C:\Python312\;C:\Program Files\Common Files\Oracle\Java\javapath;C:\oraclexe\app\oracle\product\10.2.0\server\bin;C:\ProgramData\Oracle\Java\javapath;C:\Windows\system32;C:\Windows;C:\Windows\System32\Wbem;C:\Windows\System32\WindowsPowerShell\v1.0\;C:\Windows\System32\OpenSSH\;C:\Program Files (x86)\NVIDIA Corporation\PhysX\Common;C:\Program Files\NVIDIA Corporation\NVIDIA NvDLISR;C:\Program Files\Git\cmd;C:\Program Files\Java\jdk-18.0.2.1\bin;C:\WINDOWS\system32;C:\WINDOWS;C:\WINDOWS\System32\Wbem;C:\WINDOWS\System32\WindowsPowerShell\v1.0\;C:\WINDOWS\System32\OpenSSH\;C:\Program Files\Bandizip\;C:\Program Files\kotlinc\bin;C:\Program Files\nodejs\;C:\ProgramData\chocolatey\bin;C:\Users\hmg19\AppData\Local\Programs\Python\Python39\Scripts\;C:\Users\hmg19\AppData\Local\Programs\Python\Python39\;C:\Users\hmg19\AppData\Local\Microsoft\WindowsApps;C:\Users\hmg19\Microsoft VS Code\bin;C:\Program Files\JetBrains\PyCharm Community Edition 2022.1.3\bin;C:\Users\hmg19\AppData\Local\JetBrains\Toolbox\scripts;C:\Users\hmg19\AppData\Roaming\npm
USERNAME=hmg19
OS=Windows_NT
PROCESSOR_IDENTIFIER=Intel64 Family 6 Model 140 Stepping 1, GenuineIntel
TMP=C:\Users\hmg19\AppData\Local\Temp
TEMP=C:\Users\hmg19\AppData\Local\Temp



Periodic native trim disabled


---------------  S Y S T E M  ---------------

OS:
 Windows 11 , 64 bit Build 22621 (10.0.22621.3672)
OS uptime: 8 days 15:15 hours
Hyper-V role detected

CPU: total 8 (initial active 8) (4 cores per cpu, 2 threads per core) family 6 model 140 stepping 1 microcode 0x8a, cx8, cmov, fxsr, ht, mmx, 3dnowpref, sse, sse2, sse3, ssse3, sse4.1, sse4.2, popcnt, lzcnt, tsc, tscinvbit, avx, avx2, aes, erms, clmul, bmi1, bmi2, adx, avx512f, avx512dq, avx512cd, avx512bw, avx512vl, sha, fma, vzeroupper, avx512_vpopcntdq, avx512_vpclmulqdq, avx512_vaes, avx512_vnni, clflush, clflushopt, clwb, avx512_vbmi2, avx512_vbmi, hv
Processor Information for processor 0
  Max Mhz: 2803, Current Mhz: 2803, Mhz Limit: 2803
Processor Information for processor 1
  Max Mhz: 2803, Current Mhz: 2803, Mhz Limit: 2803
Processor Information for processor 2
  Max Mhz: 2803, Current Mhz: 2803, Mhz Limit: 2803
Processor Information for processor 3
  Max Mhz: 2803, Current Mhz: 1001, Mhz Limit: 2803
Processor Information for processor 4
  Max Mhz: 2803, Current Mhz: 1001, Mhz Limit: 2803
Processor Information for processor 5
  Max Mhz: 2803, Current Mhz: 1001, Mhz Limit: 2803
Processor Information for processor 6
  Max Mhz: 2803, Current Mhz: 1001, Mhz Limit: 2803
Processor Information for processor 7
  Max Mhz: 2803, Current Mhz: 1001, Mhz Limit: 2803

Memory: 4k page, system-wide physical 16107M (1170M free)
TotalPageFile size 62072M (AvailPageFile size 178M)
current process WorkingSet (physical memory assigned to process): 70M, peak: 190M
current process commit charge ("private bytes"): 243M, peak: 363M

vm_info: OpenJDK 64-Bit Server VM (17.0.11+9) for windows-amd64 JRE (17.0.11+9), built on Apr 17 2024 06:07:48 by "admin" with MS VC++ 16.10 / 16.11 (VS2019)

END.
